<?xml version="1.0" encoding="UTF-8"?>
<!-- Generated by org.testng.reporters.JUnitReportReporter -->
<testsuite hostname="Mds-MacBook-Air.lan1" failures="0" tests="2" name="stepDef.TestRunner" time="16.131" errors="0" timestamp="2021-03-19T04:28:33 EDT" skipped="0">
  <testcase classname="stepDef.TestRunner" name="runScenario" time="10.088"/>
  <system-out/>
  <testcase classname="stepDef.TestRunner" name="runScenario" time="6.043"/>
  <system-out/>
</testsuite> <!-- stepDef.TestRunner -->
